生成启动时间为 2016/1/7 16:49:49。
     1>项目“C:\Users\云昆\Desktop\MultiLanguages\MultiLanguages\MultiLanguages\MultiLanguages.vcxproj”在节点 2 上(Build 个目标)。
     1>ClCompile:
         F:\VisualStudio\VC\bin\CL.exe /c /ZI /nologo /W3 /WX- /Od /Oy- /D WIN32 /D _WINDOWS /D _DEBUG /D _UNICODE /D UNICODE /D _AFXDLL /Gm /EHsc /RTC1 /MDd /GS /fp:precise /Zc:wchar_t /Zc:forScope /Yc"stdafx.h" /Fp"Debug\MultiLanguages.pch" /Fo"Debug\\" /Fd"Debug\vc120.pdb" /Gd /TP /analyze- /errorReport:prompt stdafx.cpp
         stdafx.cpp
         F:\VisualStudio\VC\bin\CL.exe /c /ZI /nologo /W3 /WX- /Od /Oy- /D WIN32 /D _WINDOWS /D _DEBUG /D _UNICODE /D UNICODE /D _AFXDLL /Gm /EHsc /RTC1 /MDd /GS /fp:precise /Zc:wchar_t /Zc:forScope /Yu"stdafx.h" /Fp"Debug\MultiLanguages.pch" /Fo"Debug\\" /Fd"Debug\vc120.pdb" /Gd /TP /analyze- /errorReport:prompt MultiLanguages.cpp MultiLanguagesDlg.cpp
         MultiLanguagesDlg.cpp
         MultiLanguages.cpp
         正在生成代码...
       ResourceCompile:
         C:\Program Files (x86)\Windows Kits\8.1\bin\x86\rc.exe /D _DEBUG /D _UNICODE /D UNICODE /D _AFXDLL /l"0x0804" /IDebug\ /nologo /fo"Debug\MultiLanguages.res" MultiLanguages.rc 
       Link:
         F:\VisualStudio\VC\bin\link.exe /ERRORREPORT:PROMPT /OUT:"C:\Users\云昆\Desktop\MultiLanguages\MultiLanguages\Debug\MultiLanguages.exe" /INCREMENTAL /NOLOGO /MANIFEST /MANIFESTUAC:"level='asInvoker' uiAccess='false'" /manifest:embed /manifestinput:F:\VisualStudio\VC\Include\Manifest\dpiaware.manifest /DEBUG /PDB:"C:\Users\云昆\Desktop\MultiLanguages\MultiLanguages\Debug\MultiLanguages.pdb" /SUBSYSTEM:WINDOWS /TLBID:1 /ENTRY:"wWinMainCRTStartup" /DYNAMICBASE /NXCOMPAT /IMPLIB:"C:\Users\云昆\Desktop\MultiLanguages\MultiLanguages\Debug\MultiLanguages.lib" /MACHINE:X86 Debug\MultiLanguages.res
         Debug\MultiLanguages.obj
         Debug\MultiLanguagesDlg.obj
         Debug\stdafx.obj
         MultiLanguages.vcxproj -> C:\Users\云昆\Desktop\MultiLanguages\MultiLanguages\Debug\MultiLanguages.exe
     1>已完成生成项目“C:\Users\云昆\Desktop\MultiLanguages\MultiLanguages\MultiLanguages\MultiLanguages.vcxproj”(Build 个目标)的操作。

生成成功。

已用时间 00:00:06.82
