D:\VS_2012_EXERCISE\MFC-5\MFC-5\DEBUG\MFC-5.PCH
D:\VS_2012_EXERCISE\MFC-5\MFC-5\DEBUG\STDAFX.OBJ
D:\VS_2012_EXERCISE\MFC-5\MFC-5\DEBUG\VC110.PDB
D:\VS_2012_EXERCISE\MFC-5\MFC-5\DEBUG\MFC-5.OBJ
D:\VS_2012_EXERCISE\MFC-5\MFC-5\DEBUG\MFC-5DLG.OBJ
D:\VS_2012_EXERCISE\MFC-5\DEBUG\MFC-5.ILK
D:\VS_2012_EXERCISE\MFC-5\DEBUG\MFC-5.EXE
D:\VS_2012_EXERCISE\MFC-5\DEBUG\MFC-5.PDB
D:\VS_2012_EXERCISE\MFC-5\MFC-5\DEBUG\MFC-5.RES
D:\VS_2012_Exercise\MFC-5\MFC-5\Debug\MFC-5.obj
D:\VS_2012_Exercise\MFC-5\MFC-5\Debug\MFC-5Dlg.obj
D:\VS_2012_Exercise\MFC-5\MFC-5\Debug\stdafx.obj
D:\VS_2012_Exercise\MFC-5\MFC-5\Debug\cl.command.1.tlog
D:\VS_2012_Exercise\MFC-5\MFC-5\Debug\CL.read.1.tlog
D:\VS_2012_Exercise\MFC-5\MFC-5\Debug\CL.write.1.tlog
D:\VS_2012_Exercise\MFC-5\MFC-5\Debug\link-cvtres.read.1.tlog
D:\VS_2012_Exercise\MFC-5\MFC-5\Debug\link-cvtres.write.1.tlog
D:\VS_2012_Exercise\MFC-5\MFC-5\Debug\link-mt.read.1.tlog
D:\VS_2012_Exercise\MFC-5\MFC-5\Debug\link-mt.write.1.tlog
D:\VS_2012_Exercise\MFC-5\MFC-5\Debug\link-rc.read.1.tlog
D:\VS_2012_Exercise\MFC-5\MFC-5\Debug\link-rc.write.1.tlog
D:\VS_2012_Exercise\MFC-5\MFC-5\Debug\link.command.1.tlog
D:\VS_2012_Exercise\MFC-5\MFC-5\Debug\link.read.1.tlog
D:\VS_2012_Exercise\MFC-5\MFC-5\Debug\link.write.1.tlog
D:\VS_2012_Exercise\MFC-5\MFC-5\Debug\rc.command.1.tlog
D:\VS_2012_Exercise\MFC-5\MFC-5\Debug\rc.read.1.tlog
D:\VS_2012_Exercise\MFC-5\MFC-5\Debug\rc.write.1.tlog
D:\VS_2012_Exercise\MFC-5\MFC-5\Debug\MFC-5.res
D:\VS_2012_Exercise\MFC-5\MFC-5\Debug\MFC-5.pch
D:\VS_2012_Exercise\MFC-5\MFC-5\Debug\vc110.idb
D:\VS_2012_Exercise\MFC-5\MFC-5\Debug\vc110.pdb
D:\VS_2012_Exercise\MFC-5\Debug\MFC-5.pdb
D:\VS_2012_Exercise\MFC-5\Debug\MFC-5.exe
D:\VS_2012_Exercise\MFC-5\Debug\MFC-5.ilk
