D:\VS2012\MYPROJECT\咖啡角软件设计\MFCAPPLICATION1\MFCAPPLICATION1\DEBUG\MFCAPPLICATION1.PCH
D:\VS2012\MYPROJECT\咖啡角软件设计\MFCAPPLICATION1\MFCAPPLICATION1\DEBUG\STDAFX.OBJ
D:\VS2012\MYPROJECT\咖啡角软件设计\MFCAPPLICATION1\MFCAPPLICATION1\DEBUG\VC110.PDB
D:\VS2012\MYPROJECT\咖啡角软件设计\MFCAPPLICATION1\MFCAPPLICATION1\DEBUG\COFFEEBOOK.OBJ
D:\VS2012\MYPROJECT\咖啡角软件设计\MFCAPPLICATION1\MFCAPPLICATION1\DEBUG\MFCAPPLICATION1.OBJ
D:\VS2012\MYPROJECT\咖啡角软件设计\MFCAPPLICATION1\MFCAPPLICATION1\DEBUG\MFCAPPLICATION1DLG.OBJ
D:\VS2012\MYPROJECT\咖啡角软件设计\MFCAPPLICATION1\DEBUG\MFCAPPLICATION1.ILK
D:\VS2012\MYPROJECT\咖啡角软件设计\MFCAPPLICATION1\DEBUG\MFCAPPLICATION1.EXE
D:\VS2012\MYPROJECT\咖啡角软件设计\MFCAPPLICATION1\DEBUG\MFCAPPLICATION1.PDB
D:\VS2012\MYPROJECT\咖啡角软件设计\MFCAPPLICATION1\MFCAPPLICATION1\DEBUG\MFCAPPLICATION1.RES
D:\VS2012\myproject\咖啡角软件设计\MFCApplication1\MFCApplication1\Debug\CoffeeBook.obj
D:\VS2012\myproject\咖啡角软件设计\MFCApplication1\MFCApplication1\Debug\MFCApplication1.obj
D:\VS2012\myproject\咖啡角软件设计\MFCApplication1\MFCApplication1\Debug\MFCApplication1Dlg.obj
D:\VS2012\myproject\咖啡角软件设计\MFCApplication1\MFCApplication1\Debug\stdafx.obj
D:\VS2012\myproject\咖啡角软件设计\MFCApplication1\MFCApplication1\Debug\cl.command.1.tlog
D:\VS2012\myproject\咖啡角软件设计\MFCApplication1\MFCApplication1\Debug\CL.read.1.tlog
D:\VS2012\myproject\咖啡角软件设计\MFCApplication1\MFCApplication1\Debug\CL.write.1.tlog
D:\VS2012\myproject\咖啡角软件设计\MFCApplication1\MFCApplication1\Debug\link-cvtres.read.1.tlog
D:\VS2012\myproject\咖啡角软件设计\MFCApplication1\MFCApplication1\Debug\link-cvtres.write.1.tlog
D:\VS2012\myproject\咖啡角软件设计\MFCApplication1\MFCApplication1\Debug\link-mt.read.1.tlog
D:\VS2012\myproject\咖啡角软件设计\MFCApplication1\MFCApplication1\Debug\link-mt.write.1.tlog
D:\VS2012\myproject\咖啡角软件设计\MFCApplication1\MFCApplication1\Debug\link-rc.read.1.tlog
D:\VS2012\myproject\咖啡角软件设计\MFCApplication1\MFCApplication1\Debug\link-rc.write.1.tlog
D:\VS2012\myproject\咖啡角软件设计\MFCApplication1\MFCApplication1\Debug\link.command.1.tlog
D:\VS2012\myproject\咖啡角软件设计\MFCApplication1\MFCApplication1\Debug\link.read.1.tlog
D:\VS2012\myproject\咖啡角软件设计\MFCApplication1\MFCApplication1\Debug\link.write.1.tlog
D:\VS2012\myproject\咖啡角软件设计\MFCApplication1\MFCApplication1\Debug\rc.command.1.tlog
D:\VS2012\myproject\咖啡角软件设计\MFCApplication1\MFCApplication1\Debug\rc.read.1.tlog
D:\VS2012\myproject\咖啡角软件设计\MFCApplication1\MFCApplication1\Debug\rc.write.1.tlog
D:\VS2012\myproject\咖啡角软件设计\MFCApplication1\MFCApplication1\Debug\MFCApplication1.res
D:\VS2012\myproject\咖啡角软件设计\MFCApplication1\MFCApplication1\Debug\MFCApplication1.pch
D:\VS2012\myproject\咖啡角软件设计\MFCApplication1\MFCApplication1\Debug\vc110.idb
D:\VS2012\myproject\咖啡角软件设计\MFCApplication1\MFCApplication1\Debug\vc110.pdb
D:\VS2012\myproject\咖啡角软件设计\MFCApplication1\Debug\MFCApplication1.pdb
D:\VS2012\myproject\咖啡角软件设计\MFCApplication1\Debug\MFCApplication1.exe
D:\VS2012\myproject\咖啡角软件设计\MFCApplication1\Debug\MFCApplication1.ilk
